Date = Пт июн 28 12:26:09 MSK 2024
Host = cn-037
WorkDir = /home/yaasharandak/lab3

Number of Nodes Allocated = 1
Number of Tasks Allocated = 4
Numbers of Cores/Task Allocated = 1

Lmod is automatically replacing "openmpi3/3.1.4" with "openmpi/5.0.3".

Введите размеры матрицы m, n: 
Размеры матрицы m = 10000, n = 1000
_________________________________________
Тест функции... Число запусков: 100
Общее время сложения параллельно: 3.238360
Среднее время сложения параллельно: 0.032384
Общее время вычитания параллельно: 3.679473
Среднее время вычитания параллельно: 0.036795
_________________________________________
Введите размеры матрицы m, n: 
Размеры матрицы m = 10000, n = 1000
_________________________________________
Тест функции... Число запусков: 100
Общее время сложения параллельно: 3.237830
Среднее время сложения параллельно: 0.032378
Общее время вычитания параллельно: 3.676061
Среднее время вычитания параллельно: 0.036761
_________________________________________
Введите размеры матрицы m, n: 
Размеры матрицы m = 10000, n = 1000
_________________________________________
Тест функции... Число запусков: 100
Общее время сложения параллельно: 3.365806
Среднее время сложения параллельно: 0.033658
Общее время вычитания параллельно: 3.864010
Среднее время вычитания параллельно: 0.038640
_________________________________________
Введите размеры матрицы m, n: 
Размеры матрицы m = 10000, n = 1000
_________________________________________
Тест функции... Число запусков: 100
Общее время сложения параллельно: 3.364334
Среднее время сложения параллельно: 0.033643
Общее время вычитания параллельно: 3.860752
Среднее время вычитания параллельно: 0.038608
_________________________________________
