Date = Пт июн 28 12:16:57 MSK 2024
Host = cn-037
WorkDir = /home/yaasharandak/lab3

Number of Nodes Allocated = 1
Number of Tasks Allocated = 4
Numbers of Cores/Task Allocated = 1

Lmod is automatically replacing "openmpi3/3.1.4" with "openmpi/5.0.3".

Введите размеры матрицы m, n: 
Размеры матрицы m = 10000, n = 1000
_________________________________________
Тест функции... Число запусков: 100
Общее время сложения параллельно: 3.292330
Среднее время сложения параллельно: 0.032923
Общее время вычитания параллельно: 3.695503
Среднее время вычитания параллельно: 0.036955
_________________________________________
Введите размеры матрицы m, n: 
Размеры матрицы m = 10000, n = 1000
_________________________________________
Тест функции... Число запусков: 100
Общее время сложения параллельно: 3.294181
Среднее время сложения параллельно: 0.032942
Общее время вычитания параллельно: 3.690381
Среднее время вычитания параллельно: 0.036904
_________________________________________
Введите размеры матрицы m, n: 
Размеры матрицы m = 10000, n = 1000
_________________________________________
Тест функции... Число запусков: 100
Общее время сложения параллельно: 3.463964
Среднее время сложения параллельно: 0.034640
Общее время вычитания параллельно: 3.792611
Среднее время вычитания параллельно: 0.037926
_________________________________________
Введите размеры матрицы m, n: 
Размеры матрицы m = 10000, n = 1000
_________________________________________
Тест функции... Число запусков: 100
Общее время сложения параллельно: 3.463405
Среднее время сложения параллельно: 0.034634
Общее время вычитания параллельно: 3.789803
Среднее время вычитания параллельно: 0.037898
_________________________________________
