Date = Пт июн 28 12:26:26 MSK 2024
Host = cn-038
WorkDir = /home/yaasharandak/lab3

Number of Nodes Allocated = 1
Number of Tasks Allocated = 4
Numbers of Cores/Task Allocated = 1

Lmod is automatically replacing "openmpi3/3.1.4" with "openmpi/5.0.3".

Введите размеры матрицы m, n: 
Размеры матрицы m = 10000, n = 1000
_________________________________________
Тест функции... Число запусков: 100
Общее время сложения параллельно: 1.354976
Среднее время сложения параллельно: 0.013550
Общее время вычитания параллельно: 1.310840
Среднее время вычитания параллельно: 0.013108
_________________________________________
Введите размеры матрицы m, n: 
Размеры матрицы m = 10000, n = 1000
_________________________________________
Тест функции... Число запусков: 100
Общее время сложения параллельно: 1.368629
Среднее время сложения параллельно: 0.013686
Общее время вычитания параллельно: 1.286162
Среднее время вычитания параллельно: 0.012862
_________________________________________
Введите размеры матрицы m, n: 
Размеры матрицы m = 10000, n = 1000
_________________________________________
Тест функции... Число запусков: 100
Общее время сложения параллельно: 1.381572
Среднее время сложения параллельно: 0.013816
Общее время вычитания параллельно: 1.378656
Среднее время вычитания параллельно: 0.013787
_________________________________________
Введите размеры матрицы m, n: 
Размеры матрицы m = 10000, n = 1000
_________________________________________
Тест функции... Число запусков: 100
Общее время сложения параллельно: 1.381783
Среднее время сложения параллельно: 0.013818
Общее время вычитания параллельно: 1.365509
Среднее время вычитания параллельно: 0.013655
_________________________________________
