Date = Пт июн 28 12:23:47 MSK 2024
Host = cn-037
WorkDir = /home/yaasharandak/lab3

Number of Nodes Allocated = 1
Number of Tasks Allocated = 4
Numbers of Cores/Task Allocated = 1

Lmod is automatically replacing "openmpi3/3.1.4" with "openmpi/5.0.3".

Введите размеры матрицы m, n: 
Размеры матрицы m = 10000, n = 1000
_________________________________________
Тест функции... Число запусков: 100
Общее время сложения параллельно: 0.001796
Среднее время сложения параллельно: 0.000018
Общее время вычитания параллельно: 0.001583
Среднее время вычитания параллельно: 0.000016
_________________________________________
Введите размеры матрицы m, n: 
Размеры матрицы m = 10000, n = 1000
_________________________________________
Тест функции... Число запусков: 100
Общее время сложения параллельно: 0.001761
Среднее время сложения параллельно: 0.000018
Общее время вычитания параллельно: 0.001611
Среднее время вычитания параллельно: 0.000016
_________________________________________
Введите размеры матрицы m, n: 
Размеры матрицы m = 10000, n = 1000
_________________________________________
Тест функции... Число запусков: 100
Общее время сложения параллельно: 0.001948
Среднее время сложения параллельно: 0.000019
Общее время вычитания параллельно: 0.001808
Среднее время вычитания параллельно: 0.000018
_________________________________________
Введите размеры матрицы m, n: 
Размеры матрицы m = 10000, n = 1000
_________________________________________
Тест функции... Число запусков: 100
Общее время сложения параллельно: 0.001956
Среднее время сложения параллельно: 0.000020
Общее время вычитания параллельно: 0.001750
Среднее время вычитания параллельно: 0.000017
_________________________________________
