Date = Пт июн 28 12:20:57 MSK 2024
Host = cn-037
WorkDir = /home/yaasharandak/lab3

Number of Nodes Allocated = 1
Number of Tasks Allocated = 4
Numbers of Cores/Task Allocated = 1

Lmod is automatically replacing "openmpi3/3.1.4" with "openmpi/5.0.3".

Введите размеры матрицы m, n: 
Размеры матрицы m = 10000, n = 1000
_________________________________________
Тест функции... Число запусков: 100
Общее время выполнения c векторизацией: 2.866183
Среднее время выполнения с векторизацией: 0.028662
_________________________________________
Введите размеры матрицы m, n: 
Размеры матрицы m = 10000, n = 1000
_________________________________________
Тест функции... Число запусков: 100
Общее время выполнения c векторизацией: 5.331547
Среднее время выполнения с векторизацией: 0.053315
_________________________________________
Введите размеры матрицы m, n: 
Размеры матрицы m = 10000, n = 1000
_________________________________________
Тест функции... Число запусков: 100
Общее время выполнения c векторизацией: 1.883503
Среднее время выполнения с векторизацией: 0.018835
_________________________________________
Введите размеры матрицы m, n: 
Размеры матрицы m = 10000, n = 1000
_________________________________________
Тест функции... Число запусков: 100
Общее время выполнения c векторизацией: 1.696120
Среднее время выполнения с векторизацией: 0.016961
_________________________________________
