Date = Пт июн 28 12:20:05 MSK 2024
Host = cn-037
WorkDir = /home/yaasharandak/lab3

Number of Nodes Allocated = 1
Number of Tasks Allocated = 4
Numbers of Cores/Task Allocated = 1

Lmod is automatically replacing "openmpi3/3.1.4" with "openmpi/5.0.3".

Введите размеры матрицы m, n: 
Размеры матрицы m = 10000, n = 1000
_________________________________________
Тест функции... Число запусков: 100
Общее время выполнения c векторизацией: 3.938087
Среднее время выполнения с векторизацией: 0.039381
_________________________________________
Введите размеры матрицы m, n: 
Размеры матрицы m = 10000, n = 1000
_________________________________________
Тест функции... Число запусков: 100
Общее время выполнения c векторизацией: 3.290003
Среднее время выполнения с векторизацией: 0.032900
_________________________________________
Введите размеры матрицы m, n: 
Размеры матрицы m = 10000, n = 1000
_________________________________________
Тест функции... Число запусков: 100
Общее время выполнения c векторизацией: 5.422672
Среднее время выполнения с векторизацией: 0.054227
_________________________________________
Введите размеры матрицы m, n: 
Размеры матрицы m = 10000, n = 1000
_________________________________________
Тест функции... Число запусков: 100
Общее время выполнения c векторизацией: 6.665040
Среднее время выполнения с векторизацией: 0.066650
_________________________________________
