Date = Пт июн 28 12:22:28 MSK 2024
Host = cn-037
WorkDir = /home/yaasharandak/lab3

Number of Nodes Allocated = 1
Number of Tasks Allocated = 4
Numbers of Cores/Task Allocated = 1

Lmod is automatically replacing "openmpi3/3.1.4" with "openmpi/5.0.3".

Введите размеры матрицы m, n: 
Размеры матрицы m = 10000, n = 1000
_________________________________________
Тест функции... Число запусков: 100
Общее время сложения параллельно: 0.001971
Среднее время сложения параллельно: 0.000020
Общее время вычитания параллельно: 0.001736
Среднее время вычитания параллельно: 0.000017
_________________________________________
Введите размеры матрицы m, n: 
Размеры матрицы m = 10000, n = 1000
_________________________________________
Тест функции... Число запусков: 100
Общее время сложения параллельно: 0.002161
Среднее время сложения параллельно: 0.000022
Общее время вычитания параллельно: 0.001625
Среднее время вычитания параллельно: 0.000016
_________________________________________
Введите размеры матрицы m, n: 
Размеры матрицы m = 10000, n = 1000
_________________________________________
Тест функции... Число запусков: 100
Общее время сложения параллельно: 0.002020
Среднее время сложения параллельно: 0.000020
Общее время вычитания параллельно: 0.001841
Среднее время вычитания параллельно: 0.000018
_________________________________________
Введите размеры матрицы m, n: 
Размеры матрицы m = 10000, n = 1000
_________________________________________
Тест функции... Число запусков: 100
Общее время сложения параллельно: 0.001995
Среднее время сложения параллельно: 0.000020
Общее время вычитания параллельно: 0.001815
Среднее время вычитания параллельно: 0.000018
_________________________________________
