Date = Пт июн 28 12:18:48 MSK 2024
Host = cn-037
WorkDir = /home/yaasharandak/lab3

Number of Nodes Allocated = 1
Number of Tasks Allocated = 4
Numbers of Cores/Task Allocated = 1

Lmod is automatically replacing "openmpi3/3.1.4" with "openmpi/5.0.3".

Введите размеры матрицы m, n: 
Размеры матрицы m = 10000, n = 1000
_________________________________________
Тест функции... Число запусков: 100
Общее время сложения параллельно: 1.125012
Среднее время сложения параллельно: 0.011250
Общее время вычитания параллельно: 1.228362
Среднее время вычитания параллельно: 0.012284
_________________________________________
Введите размеры матрицы m, n: 
Размеры матрицы m = 10000, n = 1000
_________________________________________
Тест функции... Число запусков: 100
Общее время сложения параллельно: 1.143256
Среднее время сложения параллельно: 0.011433
Общее время вычитания параллельно: 1.222639
Среднее время вычитания параллельно: 0.012226
_________________________________________
Введите размеры матрицы m, n: 
Размеры матрицы m = 10000, n = 1000
_________________________________________
Тест функции... Число запусков: 100
Общее время сложения параллельно: 1.526585
Среднее время сложения параллельно: 0.015266
Общее время вычитания параллельно: 1.539299
Среднее время вычитания параллельно: 0.015393
_________________________________________
Введите размеры матрицы m, n: 
Размеры матрицы m = 10000, n = 1000
_________________________________________
Тест функции... Число запусков: 100
Общее время сложения параллельно: 1.536044
Среднее время сложения параллельно: 0.015360
Общее время вычитания параллельно: 1.545975
Среднее время вычитания параллельно: 0.015460
_________________________________________
